<?xml version="1.0" encoding="UTF-8"?>
<!-- Generated by org.testng.reporters.JUnitReportReporter -->
<testsuite skipped="0" hostname="DESKTOP-587759Q" name="com.bitm.selenium4thbatch.Test.LoginTest" tests="2" failures="0" timestamp="19 Aug 2017 07:00:40 GMT" time="11.035" errors="0">
  <testcase name="checkHomePageTitle" time="6.555" classname="com.bitm.selenium4thbatch.Test.LoginTest"/>
  <testcase name="loginTest" time="4.480" classname="com.bitm.selenium4thbatch.Test.LoginTest"/>
</testsuite> <!-- com.bitm.selenium4thbatch.Test.LoginTest -->
