<?xml version="1.0" encoding="UTF-8"?>
<!-- Generated by org.testng.reporters.JUnitReportReporter -->
<testsuite skipped="0" hostname="DESKTOP-587759Q" name="com.bitm.selenium4thbatch.Utils.Drivermanager" tests="1" failures="0" timestamp="22 Jul 2017 04:45:40 GMT" time="0.007" errors="0">
  <testcase name="executionTest" time="0.007" classname="com.bitm.selenium4thbatch.Utils.Drivermanager"/>
</testsuite> <!-- com.bitm.selenium4thbatch.Utils.Drivermanager -->
